<?xml version="1.0" encoding="UTF-8"?>
<testng-results ignored="0" total="2" passed="2" failed="0" skipped="0">
  <reporter-output>
  </reporter-output>
  <suite started-at="2024-03-25T21:42:52 IST" name="Default suite" finished-at="2024-03-25T21:42:57 IST" duration-ms="4879">
    <groups>
    </groups>
    <test started-at="2024-03-25T21:42:52 IST" name="Default test" finished-at="2024-03-25T21:42:57 IST" duration-ms="4879">
      <class name="api.test.UserTests">
        <test-method is-config="true" signature="setupData()[pri:0, instance:api.test.UserTests@6a192cfe]" started-at="2024-03-25T21:42:52 IST" name="setupData" finished-at="2024-03-25T21:42:52 IST" duration-ms="375" status="PASS">
          <reporter-output>
          </reporter-output>
        </test-method> <!-- setupData -->
        <test-method signature="testPostuser()[pri:1, instance:api.test.UserTests@6a192cfe]" started-at="2024-03-25T21:42:52 IST" name="testPostuser" finished-at="2024-03-25T21:42:56 IST" duration-ms="3294" status="PASS">
          <reporter-output>
          </reporter-output>
        </test-method> <!-- testPostuser -->
        <test-method signature="testGetUserByName()[pri:2, instance:api.test.UserTests@6a192cfe]" started-at="2024-03-25T21:42:56 IST" name="testGetUserByName" finished-at="2024-03-25T21:42:57 IST" duration-ms="1169" status="PASS">
          <reporter-output>
          </reporter-output>
        </test-method> <!-- testGetUserByName -->
      </class> <!-- api.test.UserTests -->
    </test> <!-- Default test -->
  </suite> <!-- Default suite -->
</testng-results>
